<?xml version="1.0" encoding="UTF-8"?>
<!-- Generated by org.testng.reporters.JUnitReportReporter -->
<testsuite skipped="0" hostname="ip-172-31-28-201" name="AWS_APIChaining.AWS_EndToEndTest" tests="1" failures="0" timestamp="05 Jun 2022 07:28:37 GMT" time="2.306" errors="0">
  <testcase name="test1" time="2.306" classname="AWS_APIChaining.AWS_EndToEndTest"/>
</testsuite> <!-- AWS_APIChaining.AWS_EndToEndTest -->
